27.2.2023, 11:49:33 - INFO - Server is running on port: 3030 
27.2.2023, 11:49:35 - INFO - New connected socket [id: AtaTe3ous3grPKm_AAAB] 
27.2.2023, 11:50:50 - INFO - Server is running on port: 3030 
27.2.2023, 11:50:52 - INFO - New connected socket [id: EeBn9yzObCNgjvWqAAAB] 
27.2.2023, 11:52:14 - INFO - Server is running on port: 3030 
27.2.2023, 11:52:15 - INFO - New connected socket [id: dnuHIbV1ru8p3hPxAAAB] 
27.2.2023, 11:52:25 - INFO - Server is running on port: 3030 
27.2.2023, 11:52:26 - INFO - New connected socket [id: AgKZLTGWKl5RYAQ_AAAB] 
27.2.2023, 11:52:27 - INFO - Server is running on port: 3030 
27.2.2023, 11:52:29 - INFO - New connected socket [id: uOGqio23rPzxgvEqAAAB] 
27.2.2023, 11:52:45 - INFO - Server is running on port: 3030 
27.2.2023, 11:52:47 - INFO - Server is running on port: 3030 
27.2.2023, 11:52:48 - INFO - New connected socket [id: drubdXlovuE2iqq7AAAB] 
27.2.2023, 11:52:49 - INFO - Server is running on port: 3030 
27.2.2023, 11:52:50 - INFO - Server is running on port: 3030 
27.2.2023, 11:52:53 - INFO - New connected socket [id: pyoOGy9w3YIYE_3UAAAB] 
27.2.2023, 11:52:54 - INFO - Server is running on port: 3030 
27.2.2023, 11:52:56 - INFO - New connected socket [id: IvFWgjY9MTeoMLIZAAAB] 
27.2.2023, 11:53:15 - INFO - Server is running on port: 3030 
27.2.2023, 11:53:16 - INFO - Server is running on port: 3030 
27.2.2023, 11:53:18 - INFO - Server is running on port: 3030 
27.2.2023, 11:53:19 - INFO - New connected socket [id: zWowQmDPtreWmU0fAAAB] 
27.2.2023, 11:53:19 - INFO - Server is running on port: 3030 
27.2.2023, 11:53:20 - INFO - New connected socket [id: 47UzQu1Rv6SKqyCMAAAB] 
27.2.2023, 11:53:24 - INFO - Server is running on port: 3030 
27.2.2023, 11:53:26 - INFO - New connected socket [id: NXYFBH8Do-vmAo-aAAAB] 
27.2.2023, 11:53:29 - INFO - Server is running on port: 3030 
27.2.2023, 11:53:31 - INFO - Server is running on port: 3030 
27.2.2023, 11:53:33 - INFO - New connected socket [id: J1oQlMoZmAx6j-fQAAAB] 
27.2.2023, 11:54:02 - INFO - Server is running on port: 3030 
27.2.2023, 11:54:04 - INFO - New connected socket [id: myvssWLDnn-NwBhpAAAB] 
27.2.2023, 11:54:18 - INFO - Server is running on port: 3030 
27.2.2023, 11:54:19 - INFO - New connected socket [id: 6wBAH7x8a7EVVVoxAAAB] 
27.2.2023, 11:54:21 - INFO - Server is running on port: 3030 
27.2.2023, 11:54:21 - INFO - New connected socket [id: dRvOmZGBlRdTDBkwAAAB] 
27.2.2023, 11:54:24 - INFO - Server is running on port: 3030 
27.2.2023, 11:54:25 - INFO - New connected socket [id: -xsO1zYCZwpY8jKIAAAB] 
27.2.2023, 11:54:34 - INFO - Server is running on port: 3030 
27.2.2023, 11:54:36 - INFO - New connected socket [id: K27ra-k5LHvl3wT1AAAB] 
27.2.2023, 11:54:46 - INFO - Server is running on port: 3030 
27.2.2023, 11:54:47 - INFO - New connected socket [id: mYrKvEMNjfC6mhlvAAAB] 
27.2.2023, 11:55:45 - INFO - Server is running on port: 3030 
27.2.2023, 11:55:46 - INFO - New connected socket [id: YK9pHxG9AbRk8YviAAAB] 
27.2.2023, 11:56:18 - INFO - Server is running on port: 3030 
27.2.2023, 11:56:19 - INFO - New connected socket [id: BVCGLEYIG3z_zwmFAAAB] 
27.2.2023, 11:56:49 - INFO - Server is running on port: 3030 
27.2.2023, 11:56:51 - INFO - Server is running on port: 3030 
27.2.2023, 11:56:51 - INFO - New connected socket [id: o_gtyR2cOFbAJyrSAAAB] 
27.2.2023, 11:56:53 - INFO - Server is running on port: 3030 
27.2.2023, 11:56:54 - INFO - New connected socket [id: Z331iSxKCdKpAfDCAAAB] 
27.2.2023, 11:57:04 - INFO - Server is running on port: 3030 
27.2.2023, 11:57:04 - INFO - New connected socket [id: A5ZJUSCpJ-Fk6wjlAAAB] 
27.2.2023, 11:57:09 - INFO - Server is running on port: 3030 
27.2.2023, 11:57:09 - INFO - New connected socket [id: NAfNwXVRwQKmmskHAAAB] 
27.2.2023, 11:57:20 - INFO - Server is running on port: 3030 
27.2.2023, 11:57:21 - INFO - New connected socket [id: VWf_iPb7P2-J_oP3AAAB] 
27.2.2023, 11:58:36 - INFO - Server is running on port: 3030 
27.2.2023, 11:58:37 - INFO - New connected socket [id: iWmn3xbzcgYRS8fvAAAB] 
27.2.2023, 11:58:39 - INFO - Server is running on port: 3030 
27.2.2023, 11:58:40 - INFO - New connected socket [id: Y6V_F3zzL2_ENuyrAAAB] 
27.2.2023, 11:58:42 - INFO - Server is running on port: 3030 
27.2.2023, 11:58:43 - INFO - New connected socket [id: kgepuU0BmVz2o9Y1AAAB] 
27.2.2023, 11:59:09 - INFO - Server is running on port: 3030 
27.2.2023, 11:59:10 - INFO - New connected socket [id: TflpwE6qTZ-QXS0FAAAB] 
27.2.2023, 11:59:32 - INFO - Server is running on port: 3030 
27.2.2023, 11:59:34 - INFO - New connected socket [id: mTI28Zr5HUAYyduDAAAB] 
27.2.2023, 11:59:41 - DEBUG - Getting Boards 
27.2.2023, 12:00:07 - DEBUG - Getting Boards 
27.2.2023, 12:00:15 - DEBUG - Getting Boards 
27.2.2023, 12:00:17 - DEBUG - Getting Boards 
27.2.2023, 12:00:32 - INFO - Server is running on port: 3030 
27.2.2023, 12:00:34 - INFO - Server is running on port: 3030 
27.2.2023, 12:00:38 - INFO - New connected socket [id: PjWc9iW3DW9JPvpHAAAB] 
27.2.2023, 12:00:48 - DEBUG - Getting Boards 
27.2.2023, 12:01:01 - DEBUG - Getting Boards 
27.2.2023, 12:04:17 - INFO - Server is running on port: 3030 
27.2.2023, 12:04:19 - INFO - Server is running on port: 3030 
27.2.2023, 12:04:21 - INFO - Server is running on port: 3030 
27.2.2023, 12:04:22 - INFO - New connected socket [id: Oy4cZPdTTJ0vnPITAAAB] 
27.2.2023, 12:04:40 - INFO - Server is running on port: 3030 
27.2.2023, 12:04:42 - INFO - Server is running on port: 3030 
27.2.2023, 12:04:45 - INFO - New connected socket [id: ACRVXwXD70GLZjwzAAAB] 
27.2.2023, 12:07:35 - INFO - Socket disconnected [id: undefined] 
27.2.2023, 12:08:52 - INFO - New connected socket [id: 1vbALVrvHf_3eTzHAAAD] 
27.2.2023, 12:08:53 - INFO - Setting socket.userId = JAr4Aj for socket [id: 1vbALVrvHf_3eTzHAAAD] 
27.2.2023, 12:08:55 - DEBUG - Getting Boards 
27.2.2023, 12:10:30 - INFO - Socket disconnected [id: undefined] 
27.2.2023, 12:10:46 - INFO - New connected socket [id: 0JPei9nZitbDfiqcAAAF] 
27.2.2023, 12:10:46 - DEBUG - Getting Boards 
27.2.2023, 12:10:46 - INFO - Setting socket.userId = JSlcLc for socket [id: 0JPei9nZitbDfiqcAAAF] 
27.2.2023, 12:11:08 - INFO - Server is running on port: 3030 
27.2.2023, 12:11:10 - INFO - New connected socket [id: N5_I4gjdDz_HTDmWAAAB] 
27.2.2023, 12:11:32 - INFO - Server is running on port: 3030 
27.2.2023, 12:11:33 - INFO - New connected socket [id: m8klY3E73Fdsl2bnAAAB] 
27.2.2023, 12:11:39 - INFO - Server is running on port: 3030 
27.2.2023, 12:11:40 - INFO - New connected socket [id: 5TSYxdCyHLFII3fwAAAB] 
27.2.2023, 12:11:41 - INFO - Server is running on port: 3030 
27.2.2023, 12:11:42 - INFO - New connected socket [id: a55I8dJp3_psPEQRAAAB] 
27.2.2023, 12:11:49 - INFO - Server is running on port: 3030 
27.2.2023, 12:11:50 - INFO - New connected socket [id: C96Gdr46BYVzgAo1AAAB] 
27.2.2023, 12:11:55 - INFO - Server is running on port: 3030 
27.2.2023, 12:11:56 - INFO - New connected socket [id: XJKHa0YuVzL-DmtpAAAB] 
27.2.2023, 12:12:10 - INFO - Server is running on port: 3030 
27.2.2023, 12:12:12 - INFO - Server is running on port: 3030 
27.2.2023, 12:12:14 - INFO - Server is running on port: 3030 
27.2.2023, 12:12:15 - INFO - New connected socket [id: Cua5R4LjCjZI53LkAAAB] 
27.2.2023, 12:12:17 - INFO - Server is running on port: 3030 
27.2.2023, 12:12:18 - INFO - New connected socket [id: _7ulIRe49yZOxOXEAAAB] 
27.2.2023, 12:12:21 - INFO - Server is running on port: 3030 
27.2.2023, 12:12:22 - INFO - New connected socket [id: EXWLRyodhOXDK2pBAAAB] 
27.2.2023, 12:12:28 - INFO - Server is running on port: 3030 
27.2.2023, 12:12:29 - INFO - New connected socket [id: z1FTKYGHE1ihlR_fAAAB] 
27.2.2023, 12:12:48 - INFO - Server is running on port: 3030 
27.2.2023, 12:12:50 - INFO - New connected socket [id: 1IsStQ9SBzzcNahDAAAB] 
27.2.2023, 12:12:55 - INFO - Server is running on port: 3030 
27.2.2023, 12:12:57 - INFO - Server is running on port: 3030 
27.2.2023, 12:12:59 - INFO - New connected socket [id: S5TAt1it7-KzrFQFAAAB] 
27.2.2023, 12:13:12 - INFO - Server is running on port: 3030 
27.2.2023, 12:13:13 - INFO - New connected socket [id: PLS5l8gsdCsbLc8pAAAB] 
27.2.2023, 12:13:32 - INFO - Server is running on port: 3030 
27.2.2023, 12:13:34 - INFO - New connected socket [id: 7a4qRmD5cpbVpi_yAAAB] 
27.2.2023, 12:13:36 - INFO - Server is running on port: 3030 
27.2.2023, 12:13:38 - INFO - Server is running on port: 3030 
27.2.2023, 12:13:38 - INFO - New connected socket [id: mLuuXwBUS1wlcyHzAAAB] 
27.2.2023, 12:13:54 - INFO - Server is running on port: 3030 
27.2.2023, 12:13:56 - INFO - New connected socket [id: l8u3scJmVKRYqhxFAAAB] 
27.2.2023, 12:14:11 - INFO - Server is running on port: 3030 
27.2.2023, 12:14:12 - INFO - New connected socket [id: BbFO6HUw4UprwWjGAAAB] 
27.2.2023, 12:14:56 - INFO - Server is running on port: 3030 
27.2.2023, 12:14:57 - INFO - New connected socket [id: XfgiW72PwI6ig9N4AAAB] 
27.2.2023, 12:16:00 - INFO - Server is running on port: 3030 
27.2.2023, 12:16:01 - INFO - New connected socket [id: awVkd5YVayaTzXTsAAAB] 
27.2.2023, 12:16:46 - INFO - Server is running on port: 3030 
27.2.2023, 12:16:47 - INFO - New connected socket [id: f34iq40VEtVW_IqkAAAB] 
27.2.2023, 12:16:57 - INFO - Server is running on port: 3030 
27.2.2023, 12:16:59 - INFO - New connected socket [id: z2Xv-B6dgRhkUnRtAAAB] 
27.2.2023, 12:17:00 - INFO - Server is running on port: 3030 
27.2.2023, 12:17:01 - INFO - New connected socket [id: MSB9Jb0D4Dg8HQhlAAAB] 
27.2.2023, 12:17:10 - INFO - Server is running on port: 3030 
27.2.2023, 12:17:11 - INFO - Server is running on port: 3030 
27.2.2023, 12:17:14 - INFO - New connected socket [id: q0iTlG1663kAgY6RAAAB] 
27.2.2023, 12:17:15 - INFO - Server is running on port: 3030 
27.2.2023, 12:17:17 - INFO - New connected socket [id: on_ymnmpvzPlo5NdAAAB] 
27.2.2023, 12:18:08 - INFO - Server is running on port: 3030 
27.2.2023, 12:18:10 - INFO - New connected socket [id: tLgi2kDyZcWqrafYAAAB] 
27.2.2023, 12:20:16 - INFO - Server is running on port: 3030 
27.2.2023, 12:20:18 - INFO - New connected socket [id: tkGrHHcRECcfemi-AAAB] 
27.2.2023, 12:21:04 - INFO - Server is running on port: 3030 
27.2.2023, 12:21:05 - INFO - New connected socket [id: ALlF3gzQD7AQixocAAAB] 
27.2.2023, 12:21:11 - INFO - Server is running on port: 3030 
27.2.2023, 12:21:12 - INFO - New connected socket [id: bSora4oijN47YWDLAAAB] 
27.2.2023, 12:21:24 - INFO - Server is running on port: 3030 
27.2.2023, 12:21:25 - INFO - New connected socket [id: UqH39qFjP-fUTOFOAAAB] 
27.2.2023, 12:21:27 - INFO - Server is running on port: 3030 
27.2.2023, 12:21:29 - INFO - New connected socket [id: 2NXr7C0TjDqKWwnFAAAB] 
27.2.2023, 12:21:30 - INFO - Server is running on port: 3030 
27.2.2023, 12:21:31 - INFO - New connected socket [id: IoCijyDP8x3b4bKeAAAB] 
27.2.2023, 12:21:35 - INFO - Server is running on port: 3030 
27.2.2023, 12:21:36 - INFO - New connected socket [id: oUvmXUzFcUmO3KlUAAAB] 
27.2.2023, 12:21:38 - INFO - Server is running on port: 3030 
27.2.2023, 12:21:39 - INFO - New connected socket [id: kE1qq4Qyf9gsHSL8AAAB] 
27.2.2023, 12:21:44 - INFO - Server is running on port: 3030 
27.2.2023, 12:21:45 - INFO - New connected socket [id: ZVeFCunDPjgYgKhDAAAB] 
27.2.2023, 12:21:56 - INFO - Server is running on port: 3030 
27.2.2023, 12:21:57 - INFO - New connected socket [id: Pxh9zLp22I3ZCEW6AAAB] 
27.2.2023, 12:21:58 - INFO - Server is running on port: 3030 
27.2.2023, 12:21:59 - INFO - New connected socket [id: -FUBv603tULSy9_HAAAB] 
27.2.2023, 12:21:59 - INFO - Server is running on port: 3030 
27.2.2023, 12:22:01 - INFO - New connected socket [id: M4mSi7aiPrfjwVA3AAAB] 
27.2.2023, 12:22:07 - INFO - Server is running on port: 3030 
27.2.2023, 12:22:09 - INFO - New connected socket [id: c63M5dcKPochQ0kDAAAB] 
27.2.2023, 12:22:43 - INFO - Server is running on port: 3030 
27.2.2023, 12:22:45 - INFO - New connected socket [id: mt0Mr62ltQQoW-clAAAB] 
27.2.2023, 12:22:46 - INFO - Server is running on port: 3030 
27.2.2023, 12:22:47 - INFO - New connected socket [id: Cfbmc76ENrr2S8AGAAAB] 
27.2.2023, 12:24:24 - INFO - Server is running on port: 3030 
27.2.2023, 12:24:25 - INFO - New connected socket [id: elaGQJmw5vmJO88cAAAB] 
27.2.2023, 12:24:26 - INFO - Server is running on port: 3030 
27.2.2023, 12:24:28 - INFO - Server is running on port: 3030 
27.2.2023, 12:24:30 - INFO - New connected socket [id: dxWjv1ptoTuZOlAtAAAB] 
27.2.2023, 12:24:30 - INFO - Socket disconnected [id: undefined] 
27.2.2023, 12:24:50 - INFO - New connected socket [id: rgBdWivw-xQbidXPAAAD] 
27.2.2023, 12:24:50 - DEBUG - Getting Boards 
27.2.2023, 12:24:51 - INFO - Setting socket.userId = NKIBFz for socket [id: rgBdWivw-xQbidXPAAAD] 
27.2.2023, 12:25:12 - INFO - Socket disconnected [id: undefined] 
27.2.2023, 12:25:17 - INFO - New connected socket [id: kgZCJ--TNmhXE_rHAAAF] 
27.2.2023, 12:25:17 - DEBUG - Getting Boards 
27.2.2023, 12:25:17 - INFO - Setting socket.userId = kT8bHS for socket [id: kgZCJ--TNmhXE_rHAAAF] 
27.2.2023, 12:25:30 - INFO - Server is running on port: 3030 
27.2.2023, 12:25:31 - INFO - New connected socket [id: uI9VbExWcKCO4SkrAAAB] 
27.2.2023, 12:26:55 - INFO - Server is running on port: 3030 
27.2.2023, 12:26:58 - INFO - Server is running on port: 3030 
27.2.2023, 12:26:58 - INFO - New connected socket [id: W88c6j7XG4j8Fmz7AAAB] 
27.2.2023, 12:27:05 - INFO - Server is running on port: 3030 
27.2.2023, 12:27:07 - INFO - Server is running on port: 3030 
27.2.2023, 12:27:10 - INFO - New connected socket [id: _fjsJGrNCyvwWaX9AAAB] 
27.2.2023, 12:27:23 - INFO - Server is running on port: 3030 
27.2.2023, 12:27:24 - INFO - New connected socket [id: JkZGHrPqYTj4eq9gAAAB] 
27.2.2023, 12:27:44 - INFO - Server is running on port: 3030 
27.2.2023, 12:27:45 - INFO - New connected socket [id: yMA8dbhG920tQzPWAAAB] 
27.2.2023, 12:28:04 - INFO - Server is running on port: 3030 
27.2.2023, 12:28:05 - INFO - New connected socket [id: wyIbE6Mx0gAubqLLAAAB] 
27.2.2023, 12:28:07 - INFO - Server is running on port: 3030 
27.2.2023, 12:28:10 - INFO - New connected socket [id: mnIaBUXxKg4kLa_CAAAB] 
27.2.2023, 12:28:16 - INFO - Server is running on port: 3030 
27.2.2023, 12:28:18 - INFO - Server is running on port: 3030 
27.2.2023, 12:28:18 - INFO - New connected socket [id: ZTL1rybRxP34fXHXAAAB] 
27.2.2023, 12:28:25 - INFO - Server is running on port: 3030 
27.2.2023, 12:28:26 - INFO - New connected socket [id: sOz-oqTi93xGwJGgAAAB] 
27.2.2023, 12:30:54 - INFO - Server is running on port: 3030 
27.2.2023, 12:30:57 - INFO - Server is running on port: 3030 
27.2.2023, 12:30:59 - INFO - New connected socket [id: qCIVoI9gJQoKBH7FAAAB] 
27.2.2023, 12:31:04 - INFO - Server is running on port: 3030 
27.2.2023, 12:31:05 - INFO - Server is running on port: 3030 
27.2.2023, 12:31:06 - INFO - New connected socket [id: geaNHb2A1kIcI6YMAAAB] 
27.2.2023, 12:31:37 - INFO - Server is running on port: 3030 
27.2.2023, 12:31:39 - INFO - Server is running on port: 3030 
27.2.2023, 12:31:42 - INFO - New connected socket [id: c4lkv1XOYHeabOxPAAAB] 
27.2.2023, 12:31:54 - INFO - Server is running on port: 3030 
27.2.2023, 12:31:55 - INFO - New connected socket [id: tGOtmakkzUf7eWq4AAAB] 
27.2.2023, 12:32:00 - INFO - Server is running on port: 3030 
27.2.2023, 12:32:01 - INFO - Server is running on port: 3030 
27.2.2023, 12:32:01 - INFO - New connected socket [id: 8Nuf8Mw7DMu-dE7VAAAB] 
27.2.2023, 12:32:11 - INFO - Server is running on port: 3030 
27.2.2023, 12:32:12 - INFO - New connected socket [id: 3XxmHMPOJwcdMi7GAAAB] 
27.2.2023, 12:32:15 - INFO - Server is running on port: 3030 
27.2.2023, 12:32:16 - INFO - New connected socket [id: 4Z3CUsoQdF6yn7lCAAAB] 
27.2.2023, 12:32:21 - INFO - Server is running on port: 3030 
27.2.2023, 12:32:22 - INFO - New connected socket [id: hD888RDSSSIlxMqdAAAB] 
27.2.2023, 12:32:22 - INFO - Server is running on port: 3030 
27.2.2023, 12:32:25 - INFO - New connected socket [id: zJw_eMwjOx5qKvybAAAB] 
27.2.2023, 12:32:59 - INFO - Server is running on port: 3030 
27.2.2023, 12:33:00 - INFO - New connected socket [id: P_5hXbO6HGiuhlD-AAAB] 
27.2.2023, 12:34:13 - INFO - Server is running on port: 3030 
27.2.2023, 12:34:14 - INFO - New connected socket [id: c_hwVHPXrTPEd0StAAAB] 
27.2.2023, 12:34:30 - INFO - Server is running on port: 3030 
27.2.2023, 12:34:32 - INFO - New connected socket [id: q1QshsItj03RvpyBAAAB] 
27.2.2023, 12:34:39 - INFO - Server is running on port: 3030 
27.2.2023, 12:34:40 - INFO - New connected socket [id: MOrbA-5GES5c6S5fAAAB] 
27.2.2023, 12:34:44 - INFO - Server is running on port: 3030 
27.2.2023, 12:34:45 - INFO - New connected socket [id: aSxfynlG3OEIyKoTAAAB] 
27.2.2023, 12:35:13 - INFO - Server is running on port: 3030 
27.2.2023, 12:35:14 - INFO - New connected socket [id: 0SkGFqgLa8nhy7_3AAAB] 
27.2.2023, 12:35:42 - INFO - Server is running on port: 3030 
27.2.2023, 12:35:44 - INFO - New connected socket [id: moXUVNimrp1F821lAAAB] 
27.2.2023, 12:35:57 - INFO - Server is running on port: 3030 
27.2.2023, 12:36:02 - INFO - New connected socket [id: KvE2tDPhQfG2soGVAAAB] 
27.2.2023, 12:36:11 - INFO - Server is running on port: 3030 
27.2.2023, 12:36:12 - INFO - New connected socket [id: h7Wo7T7oKjli-c_1AAAB] 
27.2.2023, 12:36:25 - INFO - Server is running on port: 3030 
27.2.2023, 12:36:25 - INFO - New connected socket [id: kaJRNzius1HiJFDoAAAB] 
27.2.2023, 12:36:42 - INFO - Server is running on port: 3030 
27.2.2023, 12:36:43 - INFO - New connected socket [id: QnuODEBPOmO_sNSkAAAB] 
27.2.2023, 12:36:51 - INFO - Server is running on port: 3030 
27.2.2023, 12:36:51 - INFO - New connected socket [id: R4og24uMF9fnuJ9nAAAB] 
27.2.2023, 12:37:19 - INFO - Server is running on port: 3030 
27.2.2023, 12:37:20 - INFO - New connected socket [id: FH4_hiW9KA0Ho0r7AAAB] 
27.2.2023, 12:38:19 - INFO - Server is running on port: 3030 
27.2.2023, 12:38:23 - INFO - New connected socket [id: HQG3RO81wyTh4QoEAAAB] 
27.2.2023, 12:40:10 - INFO - Server is running on port: 3030 
27.2.2023, 12:40:11 - INFO - New connected socket [id: 27hK5re9Kuz2QkomAAAB] 
27.2.2023, 12:41:19 - INFO - Server is running on port: 3030 
27.2.2023, 12:41:20 - INFO - New connected socket [id: T22wWOn14UsYtZvHAAAB] 
27.2.2023, 12:41:23 - INFO - Server is running on port: 3030 
27.2.2023, 12:41:24 - INFO - New connected socket [id: eCh4-dJpNDV50DDMAAAB] 
27.2.2023, 12:41:29 - INFO - Server is running on port: 3030 
27.2.2023, 12:41:30 - INFO - New connected socket [id: MMkBD-EMSNqjp3fMAAAB] 
27.2.2023, 12:41:32 - INFO - Server is running on port: 3030 
27.2.2023, 12:41:34 - INFO - New connected socket [id: HDqV2q_0fXau_5fEAAAB] 
27.2.2023, 12:41:38 - INFO - Server is running on port: 3030 
27.2.2023, 12:41:41 - INFO - New connected socket [id: ybcox_nKrSzB8cOwAAAB] 
27.2.2023, 12:41:47 - INFO - Server is running on port: 3030 
27.2.2023, 12:41:49 - INFO - New connected socket [id: GUcvEhgAsjfgAHk2AAAB] 
27.2.2023, 12:41:51 - INFO - Server is running on port: 3030 
27.2.2023, 12:41:52 - INFO - New connected socket [id: NyB7o1pV703vVd6rAAAB] 
27.2.2023, 12:41:52 - INFO - Server is running on port: 3030 
27.2.2023, 12:41:54 - INFO - New connected socket [id: 6Q-awVWEBqhAYl4BAAAB] 
27.2.2023, 12:41:55 - INFO - Server is running on port: 3030 
27.2.2023, 12:41:55 - INFO - New connected socket [id: X2tUTt1hJo8r41L_AAAB] 
27.2.2023, 13:32:14 - INFO - Socket disconnected [id: undefined] 
27.2.2023, 13:32:26 - INFO - New connected socket [id: oG6E1-KZLtBoEuP1AAAD] 
27.2.2023, 13:32:26 - DEBUG - Getting Boards 
27.2.2023, 13:33:40 - INFO - Socket disconnected [id: undefined] 
27.2.2023, 13:33:49 - INFO - New connected socket [id: gtVQtFa8k_HXu9CYAAAF] 
27.2.2023, 13:33:49 - DEBUG - Getting Boards 
27.2.2023, 13:33:55 - DEBUG - Getting Boards 
27.2.2023, 13:41:10 - INFO - Socket disconnected [id: undefined] 
27.2.2023, 13:42:30 - INFO - New connected socket [id: K26gqXHiKNPFXITYAAAH] 
27.2.2023, 13:42:38 - DEBUG - Getting Boards 
27.2.2023, 13:44:11 - INFO - Socket disconnected [id: undefined] 
27.2.2023, 13:44:41 - INFO - New connected socket [id: AsLIJxo9KVMXWFrIAAAJ] 
27.2.2023, 13:44:43 - DEBUG - Getting Boards 
27.2.2023, 13:49:45 - INFO - Server is running on port: 3030 
27.2.2023, 13:51:03 - INFO - New connected socket [id: egV01byVzJ1t7bqJAAAB] 
27.2.2023, 13:51:03 - INFO - Socket disconnected [id: undefined] 
27.2.2023, 13:51:52 - INFO - New connected socket [id: N2c-XHmaiophfNRvAAAD] 
27.2.2023, 13:51:53 - DEBUG - Getting Boards 
27.2.2023, 13:53:16 - INFO - Socket disconnected [id: undefined] 
27.2.2023, 13:53:33 - INFO - New connected socket [id: 7LxCldhb9GwnlGp2AAAF] 
27.2.2023, 13:53:34 - DEBUG - Getting Boards 
27.2.2023, 14:01:23 - INFO - Socket disconnected [id: undefined] 
27.2.2023, 14:01:31 - INFO - New connected socket [id: Rszgi8L4ShLSzNO8AAAH] 
27.2.2023, 14:01:32 - DEBUG - Getting Boards 
27.2.2023, 14:04:34 - INFO - Server is running on port: 3030 
27.2.2023, 14:04:38 - INFO - New connected socket [id: u5U1ClhyxyR9CjmtAAAB] 
27.2.2023, 14:05:18 - INFO - Socket disconnected [id: undefined] 
27.2.2023, 14:06:08 - INFO - New connected socket [id: IBPhN684S5HvvzV2AAAD] 
27.2.2023, 14:08:04 - INFO - Socket disconnected [id: undefined] 
27.2.2023, 14:08:44 - INFO - New connected socket [id: lpfEesw_hl8zAR_ZAAAF] 
27.2.2023, 14:08:50 - ERROR - Cannot Connect to DB | Error: queryTxt ETIMEOUT cluster0.nswgy6d.mongodb.net 
27.2.2023, 14:08:50 - ERROR - Failed to get Mongo collection | Error: queryTxt ETIMEOUT cluster0.nswgy6d.mongodb.net 
27.2.2023, 14:08:50 - ERROR - while finding board 63d7d969f1047548aa7b6aa7 | Error: queryTxt ETIMEOUT cluster0.nswgy6d.mongodb.net 
27.2.2023, 14:08:50 - ERROR - Failed to get board | Error: queryTxt ETIMEOUT cluster0.nswgy6d.mongodb.net 
27.2.2023, 14:08:52 - DEBUG - Getting Boards 
27.2.2023, 14:17:02 - DEBUG - Getting Boards 
27.2.2023, 14:18:37 - INFO - Socket disconnected [id: undefined] 
27.2.2023, 14:19:54 - INFO - New connected socket [id: HwAlRO7KNYc2xfQrAAAH] 
27.2.2023, 14:20:14 - DEBUG - Getting Boards 
27.2.2023, 14:20:24 - DEBUG - Getting Boards 
27.2.2023, 14:21:50 - INFO - Socket disconnected [id: undefined] 
27.2.2023, 14:22:03 - INFO - New connected socket [id: 5pn1uVcFYioRC_ZzAAAJ] 
27.2.2023, 14:22:12 - DEBUG - Getting Boards 
27.2.2023, 14:31:19 - INFO - Socket disconnected [id: undefined] 
27.2.2023, 14:31:28 - INFO - New connected socket [id: 37aoFJ-9Legdg6PSAAAL] 
27.2.2023, 14:31:30 - DEBUG - Getting Boards 
27.2.2023, 14:31:50 - INFO - Socket disconnected [id: undefined] 
27.2.2023, 14:31:53 - INFO - New connected socket [id: 86ynpYDQsiKm0HeSAAAN] 
27.2.2023, 14:31:53 - DEBUG - Getting Boards 
27.2.2023, 14:31:55 - DEBUG - Getting Boards 
27.2.2023, 14:32:58 - INFO - Socket disconnected [id: undefined] 
27.2.2023, 14:33:04 - INFO - New connected socket [id: bBf-mJMyDoGTCDWwAAAP] 
27.2.2023, 14:33:05 - DEBUG - Getting Boards 
27.2.2023, 14:35:56 - INFO - Socket disconnected [id: undefined] 
27.2.2023, 14:36:05 - INFO - New connected socket [id: LYPv4PCxQQ_6kDaaAAAR] 
27.2.2023, 14:36:08 - DEBUG - Getting Boards 
27.2.2023, 14:38:35 - INFO - Socket disconnected [id: undefined] 
27.2.2023, 14:38:38 - INFO - New connected socket [id: dGsCDrHsNODbSc4OAAAT] 
27.2.2023, 14:38:38 - DEBUG - Getting Boards 
27.2.2023, 14:39:06 - INFO - Socket disconnected [id: undefined] 
27.2.2023, 14:39:10 - INFO - New connected socket [id: P4Ble9Dj9X-6bh_8AAAV] 
27.2.2023, 14:39:11 - DEBUG - Getting Boards 
27.2.2023, 14:39:34 - INFO - Socket disconnected [id: undefined] 
27.2.2023, 14:39:39 - INFO - New connected socket [id: qQE9EMjSpC1GZwDkAAAX] 
27.2.2023, 14:39:40 - DEBUG - Getting Boards 
27.2.2023, 14:41:00 - INFO - Socket disconnected [id: undefined] 
27.2.2023, 14:41:04 - INFO - New connected socket [id: NxHU6oamY1n5kEiyAAAZ] 
27.2.2023, 14:41:05 - DEBUG - Getting Boards 
27.2.2023, 15:28:03 - INFO - Server is running on port: 3030 
27.2.2023, 15:28:04 - INFO - New connected socket [id: mE0r9kImvM5UfuHjAAAB] 
27.2.2023, 15:28:07 - INFO - Server is running on port: 3030 
27.2.2023, 15:28:09 - INFO - New connected socket [id: AR6p4RPkXcIHXOBMAAAB] 
27.2.2023, 15:28:36 - INFO - Server is running on port: 3030 
27.2.2023, 15:28:37 - INFO - New connected socket [id: JYZHWGqXz47XfdkgAAAB] 
27.2.2023, 15:29:02 - INFO - Server is running on port: 3030 
27.2.2023, 15:29:03 - INFO - New connected socket [id: CK1muNqAua0aNlgtAAAB] 
27.2.2023, 15:29:45 - INFO - Server is running on port: 3030 
27.2.2023, 15:29:46 - INFO - New connected socket [id: 6a-1dGuzJfN6jnETAAAB] 
27.2.2023, 15:29:49 - INFO - Server is running on port: 3030 
27.2.2023, 15:29:51 - INFO - New connected socket [id: 2eDZ8vjKQXrrM0gqAAAB] 
27.2.2023, 15:30:17 - INFO - Server is running on port: 3030 
27.2.2023, 15:30:17 - INFO - New connected socket [id: nfEuTlDyBzE32bZ8AAAB] 
27.2.2023, 15:30:25 - INFO - Server is running on port: 3030 
27.2.2023, 15:30:26 - INFO - New connected socket [id: JYSnHGCmK4VbDKRBAAAB] 
27.2.2023, 15:33:27 - DEBUG - Getting Boards 
27.2.2023, 15:33:40 - DEBUG - Getting Boards 
27.2.2023, 15:33:42 - DEBUG - Getting Boards 
27.2.2023, 15:33:42 - DEBUG - Getting Boards 
27.2.2023, 15:33:42 - DEBUG - Getting Boards 
27.2.2023, 15:33:42 - DEBUG - Getting Boards 
27.2.2023, 15:33:43 - DEBUG - Getting Boards 
27.2.2023, 15:33:44 - DEBUG - Getting Boards 
27.2.2023, 15:33:48 - DEBUG - Getting Boards 
27.2.2023, 15:33:52 - DEBUG - Getting Boards 
27.2.2023, 15:33:53 - DEBUG - Getting Boards 
27.2.2023, 15:34:10 - DEBUG - Getting Boards 
27.2.2023, 15:34:15 - DEBUG - Getting Boards 
27.2.2023, 15:35:49 - DEBUG - Getting Boards 
27.2.2023, 15:35:51 - DEBUG - Getting Boards 
27.2.2023, 15:35:51 - DEBUG - Getting Boards 
27.2.2023, 15:35:53 - DEBUG - Getting Boards 
27.2.2023, 15:35:55 - DEBUG - Getting Boards 
27.2.2023, 15:35:58 - DEBUG - Getting Boards 
27.2.2023, 15:36:01 - DEBUG - Getting Boards 
27.2.2023, 15:36:02 - DEBUG - Getting Boards 
27.2.2023, 15:37:00 - INFO - New connected socket [id: LTUx2gJBjsy4v3eUAAAD] 
27.2.2023, 15:37:00 - DEBUG - Getting Boards 
27.2.2023, 15:37:04 - INFO - New connected socket [id: gXJLLAq_DxUjWeTOAAAF] 
27.2.2023, 15:37:06 - DEBUG - Getting Boards 
27.2.2023, 15:37:08 - INFO - New connected socket [id: TUoy1obqTpVoqtiOAAAH] 
27.2.2023, 15:37:11 - DEBUG - Getting Boards 
27.2.2023, 15:37:20 - INFO - New connected socket [id: RW30CnZ6byGHadSgAAAJ] 
27.2.2023, 15:37:21 - DEBUG - Getting Boards 
27.2.2023, 15:37:23 - INFO - New connected socket [id: dHk1tjOe6j3nJsw9AAAL] 
27.2.2023, 15:37:25 - DEBUG - Getting Boards 
27.2.2023, 15:37:28 - INFO - New connected socket [id: lzUtxc_79yXdCrpGAAAN] 
27.2.2023, 15:37:29 - DEBUG - Getting Boards 
27.2.2023, 15:37:35 - INFO - New connected socket [id: lRCVual7CriHoXqLAAAP] 
27.2.2023, 15:37:36 - DEBUG - Getting Boards 
27.2.2023, 15:39:28 - DEBUG - Getting Boards 
27.2.2023, 15:39:35 - DEBUG - Getting Boards 
27.2.2023, 15:39:46 - DEBUG - Getting Boards 
27.2.2023, 15:39:58 - DEBUG - Getting Boards 
27.2.2023, 15:40:08 - DEBUG - Getting Boards 
27.2.2023, 16:09:59 - INFO - Socket disconnected [id: undefined] 
27.2.2023, 16:09:59 - INFO - Socket disconnected [id: undefined] 
27.2.2023, 16:09:59 - INFO - Socket disconnected [id: undefined] 
27.2.2023, 16:09:59 - INFO - Socket disconnected [id: undefined] 
27.2.2023, 16:09:59 - INFO - Socket disconnected [id: undefined] 
27.2.2023, 16:09:59 - INFO - Socket disconnected [id: undefined] 
27.2.2023, 16:09:59 - INFO - Socket disconnected [id: undefined] 
27.2.2023, 16:09:59 - INFO - Socket disconnected [id: undefined] 
27.2.2023, 16:11:20 - INFO - New connected socket [id: nWP32-PMWsxLFCR2AAAR] 
27.2.2023, 16:11:21 - DEBUG - Getting Boards 
27.2.2023, 16:34:34 - INFO - Socket disconnected [id: undefined] 
27.2.2023, 16:35:52 - INFO - New connected socket [id: T6FUGbP4ecrrl4oJAAAT] 
27.2.2023, 16:35:53 - DEBUG - Getting Boards 
27.2.2023, 16:53:24 - DEBUG - Getting Boards 
27.2.2023, 16:53:46 - DEBUG - Getting Boards 
27.2.2023, 16:56:48 - INFO - Socket disconnected [id: undefined] 
27.2.2023, 16:57:23 - INFO - New connected socket [id: NTE9gLfb1MhRyDcmAAAV] 
27.2.2023, 16:57:24 - DEBUG - Getting Boards 
27.2.2023, 18:29:47 - INFO - board saved [63d7d969f1047548aa7b6aa7] 
27.2.2023, 18:29:47 - DEBUG - Getting Boards 
27.2.2023, 18:50:16 - INFO - Socket disconnected [id: undefined] 
27.2.2023, 18:50:18 - INFO - New connected socket [id: OaIqeAyPGRBPq1jnAAAX] 
27.2.2023, 23:35:15 - INFO - Socket disconnected [id: undefined] 
27.2.2023, 23:35:16 - INFO - New connected socket [id: xlgz3zpHUkDNbLaJAAAZ] 
28.2.2023, 11:42:40 - INFO - Socket disconnected [id: undefined] 
28.2.2023, 11:42:50 - INFO - New connected socket [id: kL1yYubsnHCz6O5UAAAb] 
28.2.2023, 11:42:58 - DEBUG - Getting Boards 
28.2.2023, 12:02:33 - DEBUG - Getting Boards 
28.2.2023, 12:02:54 - DEBUG - Getting Boards 
28.2.2023, 12:03:01 - DEBUG - Getting Boards 
28.2.2023, 12:10:31 - DEBUG - Getting Boards 
28.2.2023, 12:10:34 - DEBUG - Getting Boards 
28.2.2023, 12:10:40 - DEBUG - Getting Boards 
28.2.2023, 12:11:12 - DEBUG - Getting Boards 
28.2.2023, 12:11:14 - DEBUG - Getting Boards 
28.2.2023, 12:11:17 - DEBUG - Getting Boards 
28.2.2023, 12:33:00 - INFO - New connected socket [id: Ao03BXMX5Wz67G-bAAAd] 
28.2.2023, 12:33:02 - DEBUG - Getting Boards 
28.2.2023, 12:33:15 - DEBUG - Getting Boards 
28.2.2023, 12:33:16 - DEBUG - Getting Boards 
28.2.2023, 12:33:18 - DEBUG - Getting Boards 
28.2.2023, 12:33:19 - DEBUG - Getting Boards 
28.2.2023, 12:33:22 - DEBUG - Getting Boards 
28.2.2023, 12:33:22 - DEBUG - Getting Boards 
28.2.2023, 12:33:25 - DEBUG - Getting Boards 
28.2.2023, 12:33:25 - DEBUG - Getting Boards 
28.2.2023, 12:33:41 - DEBUG - Getting Boards 
28.2.2023, 12:33:42 - DEBUG - Getting Boards 
28.2.2023, 12:33:43 - DEBUG - Getting Boards 
28.2.2023, 12:33:43 - DEBUG - Getting Boards 
28.2.2023, 12:34:20 - DEBUG - Getting Boards 
28.2.2023, 12:34:20 - DEBUG - Getting Boards 
28.2.2023, 12:37:14 - INFO - New connected socket [id: zGsulR8J-Fh6_GXHAAAf] 
28.2.2023, 12:37:16 - DEBUG - Getting Boards 
28.2.2023, 12:37:24 - INFO - New connected socket [id: 90ZwszynuN2cGgk3AAAh] 
28.2.2023, 12:37:25 - DEBUG - Getting Boards 
28.2.2023, 12:37:38 - INFO - New connected socket [id: sKkE9jXlY7urU9WKAAAj] 
28.2.2023, 12:37:40 - DEBUG - Getting Boards 
28.2.2023, 12:38:01 - INFO - New connected socket [id: Sq_8lZiiGedKbz2jAAAl] 
28.2.2023, 12:38:02 - INFO - New connected socket [id: HNSRk6_OIdlHXJjtAAAn] 
28.2.2023, 12:38:03 - DEBUG - Getting Boards 
28.2.2023, 12:38:04 - DEBUG - Getting Boards 
28.2.2023, 12:41:25 - INFO - New connected socket [id: KLd889MTYVWZ17LyAAAp] 
28.2.2023, 12:41:28 - INFO - New connected socket [id: Hct42NxUw_-hJby1AAAr] 
28.2.2023, 12:41:29 - INFO - New connected socket [id: 0VA8i9dIK9fYkz89AAAt] 
28.2.2023, 12:41:34 - DEBUG - Getting Boards 
28.2.2023, 12:41:35 - INFO - New connected socket [id: EqvVNA-Lc8PtbP8SAAAv] 
28.2.2023, 12:41:38 - DEBUG - Getting Boards 
28.2.2023, 12:41:59 - INFO - New connected socket [id: xIo3_ryvLx3if2FhAAAx] 
28.2.2023, 12:41:59 - DEBUG - Getting Boards 
28.2.2023, 12:42:16 - INFO - New connected socket [id: AWHWVEQOAOpbSrpBAAAz] 
28.2.2023, 12:42:19 - DEBUG - Getting Boards 
28.2.2023, 12:42:20 - INFO - New connected socket [id: OLIQcFnoSHeulZ8vAAA1] 
28.2.2023, 12:42:22 - DEBUG - Getting Boards 
28.2.2023, 12:42:49 - INFO - New connected socket [id: 3L2ToNE482eCitVCAAA3] 
28.2.2023, 12:42:50 - DEBUG - Getting Boards 
28.2.2023, 12:42:53 - INFO - New connected socket [id: AO3NkeQLcviXuZyPAAA5] 
28.2.2023, 12:42:54 - DEBUG - Getting Boards 
28.2.2023, 12:43:27 - INFO - New connected socket [id: 7RJo8cQdpL4JaEPIAAA7] 
28.2.2023, 12:43:28 - DEBUG - Getting Boards 
28.2.2023, 12:43:51 - DEBUG - Getting Boards 
28.2.2023, 12:44:19 - DEBUG - Getting Boards 
28.2.2023, 12:44:29 - DEBUG - Getting Boards 
28.2.2023, 12:44:34 - DEBUG - Getting Boards 
28.2.2023, 12:44:35 - DEBUG - Getting Boards 
28.2.2023, 12:44:37 - DEBUG - Getting Boards 
28.2.2023, 12:45:03 - DEBUG - Getting Boards 
28.2.2023, 12:45:26 - DEBUG - Getting Boards 
28.2.2023, 12:48:26 - DEBUG - Getting Boards 
28.2.2023, 12:55:08 - DEBUG - Getting Boards 
28.2.2023, 12:55:39 - INFO - Socket disconnected [id: undefined] 
28.2.2023, 12:55:39 - INFO - Socket disconnected [id: undefined] 
28.2.2023, 12:55:39 - INFO - Socket disconnected [id: undefined] 
28.2.2023, 12:55:39 - INFO - Socket disconnected [id: undefined] 
28.2.2023, 12:55:39 - INFO - Socket disconnected [id: undefined] 
28.2.2023, 12:55:39 - INFO - Socket disconnected [id: undefined] 
28.2.2023, 12:55:39 - INFO - Socket disconnected [id: undefined] 
28.2.2023, 12:55:39 - INFO - Socket disconnected [id: undefined] 
28.2.2023, 12:55:39 - INFO - Socket disconnected [id: undefined] 
28.2.2023, 12:55:39 - INFO - Socket disconnected [id: undefined] 
28.2.2023, 12:55:39 - INFO - Socket disconnected [id: undefined] 
28.2.2023, 12:55:39 - INFO - Socket disconnected [id: undefined] 
28.2.2023, 12:55:39 - INFO - Socket disconnected [id: undefined] 
28.2.2023, 12:55:39 - INFO - Socket disconnected [id: undefined] 
28.2.2023, 12:55:39 - INFO - Socket disconnected [id: undefined] 
28.2.2023, 12:55:39 - INFO - Socket disconnected [id: undefined] 
28.2.2023, 12:55:39 - INFO - Socket disconnected [id: undefined] 
28.2.2023, 12:56:32 - INFO - New connected socket [id: V3y5nXj7UYRvbxfFAAA9] 
28.2.2023, 12:56:32 - DEBUG - Getting Boards 
28.2.2023, 13:01:07 - INFO - Socket disconnected [id: undefined] 
28.2.2023, 13:02:25 - INFO - New connected socket [id: l9wXfeRLLa_ku7sGAAA_] 
28.2.2023, 13:02:27 - DEBUG - Getting Boards 
28.2.2023, 13:03:01 - INFO - New connected socket [id: XsfO88CoggIxDkYyAABB] 
28.2.2023, 13:03:02 - DEBUG - Getting Boards 
28.2.2023, 13:04:27 - INFO - Socket disconnected [id: undefined] 
28.2.2023, 13:04:27 - INFO - Socket disconnected [id: undefined] 
28.2.2023, 13:04:37 - INFO - New connected socket [id: WwqrdXusgZDny5JmAABD] 
28.2.2023, 13:04:37 - DEBUG - Getting Boards 
28.2.2023, 13:05:11 - INFO - Task drag from group [id: ETlNP], to group [id:g8ymQ] 
28.2.2023, 13:05:12 - INFO - board saved [63d7d969f1047548aa7b6aa7] 
28.2.2023, 13:05:12 - DEBUG - Getting Boards 
28.2.2023, 13:05:32 - INFO - Task saved in group [g8ymQ] 
28.2.2023, 13:05:33 - INFO - Group saved [g8ymQ] 
28.2.2023, 13:05:33 - DEBUG - Getting Boards 
28.2.2023, 13:05:38 - INFO - Task drag from group [id: 63d7d969f1047548aa7b6aa7], to group [id:63d7d969f1047548aa7b6aa7] 
28.2.2023, 13:05:39 - INFO - board saved [63d7d969f1047548aa7b6aa7] 
28.2.2023, 13:05:39 - DEBUG - Getting Boards 
28.2.2023, 13:06:06 - INFO - Socket disconnected [id: undefined] 
28.2.2023, 13:06:10 - INFO - New connected socket [id: wganSGap2le4fBCkAABF] 
28.2.2023, 13:06:11 - DEBUG - Getting Boards 
28.2.2023, 13:06:18 - INFO - Socket disconnected [id: undefined] 
28.2.2023, 13:06:45 - INFO - New connected socket [id: T9scEBckG3L0SauIAABH] 
28.2.2023, 13:06:45 - DEBUG - Getting Boards 
1.3.2023, 17:15:41 - INFO - Server is running on port: 3030 
1.3.2023, 17:15:55 - INFO - Server is running on port: 3030 
1.3.2023, 18:32:25 - INFO - Server is running on port: 3030 
1.3.2023, 18:36:57 - INFO - Server is running on port: 3030 
1.3.2023, 18:37:53 - INFO - Server is running on port: 3030 
1.3.2023, 18:38:08 - INFO - Server is running on port: 3030 
1.3.2023, 18:38:14 - INFO - Server is running on port: 3030 
1.3.2023, 18:38:20 - INFO - Server is running on port: 3030 
1.3.2023, 18:38:29 - INFO - Server is running on port: 3030 
1.3.2023, 20:00:57 - INFO - Server is running on port: 3030 
1.3.2023, 20:01:07 - INFO - Server is running on port: 3030 
1.3.2023, 20:01:13 - INFO - Server is running on port: 3030 
1.3.2023, 20:01:30 - INFO - Server is running on port: 3030 
1.3.2023, 20:03:21 - INFO - Server is running on port: 3030 
1.3.2023, 20:03:24 - INFO - Server is running on port: 3030 
1.3.2023, 20:03:33 - INFO - Server is running on port: 3030 
1.3.2023, 20:15:12 - INFO - Server is running on port: 3030 
1.3.2023, 20:15:16 - INFO - Server is running on port: 3030 
1.3.2023, 20:15:19 - INFO - Server is running on port: 3030 
1.3.2023, 20:15:25 - INFO - Server is running on port: 3030 
1.3.2023, 20:15:31 - INFO - Server is running on port: 3030 
1.3.2023, 20:15:41 - INFO - Server is running on port: 3030 
1.3.2023, 20:15:44 - INFO - Server is running on port: 3030 
1.3.2023, 20:16:08 - INFO - Server is running on port: 3030 
1.3.2023, 20:16:26 - INFO - Server is running on port: 3030 
1.3.2023, 20:41:25 - INFO - Server is running on port: 3030 
1.3.2023, 20:42:41 - INFO - Server is running on port: 3030 
1.3.2023, 20:42:43 - INFO - Server is running on port: 3030 
1.3.2023, 20:43:09 - INFO - Server is running on port: 3030 
1.3.2023, 20:43:10 - INFO - Server is running on port: 3030 
